<?xml version="1.0" encoding="UTF-8"?>
<!-- Generated by org.testng.reporters.JUnitXMLReporter -->
<testsuite hostname="DESKTOP-TKK5GPG" ignored="0" name="Cucumber Runner" tests="2" failures="1" timestamp="2022-08-04T13:52:39 EDT" time="136.789" errors="0">
  <testcase name="runScenario" time="78.978" classname="io.cucumber.testng.AbstractTestNGCucumberTests"/>
  <testcase name="runScenario" time="56.411" classname="io.cucumber.testng.AbstractTestNGCucumberTests">
    <failure type="java.lang.AssertionError" message="The following asserts failed:
	Object not found delete_id">
      <![CDATA[java.lang.AssertionError: The following asserts failed:
Object not found delete_id
at zoho.managers.WebDriverManager.quit(WebDriverManager.java:287)
at zoho.managers.WebDriverManager.reportFailure(WebDriverManager.java:219)
at zoho.managers.WebDriverManager.findElement(WebDriverManager.java:148)
at zoho.managers.WebDriverManager.click(WebDriverManager.java:124)
at zoho.pages.LeadsDetailPage.deleteLead(LeadsDetailPage.java:38)
at zoho.teststeps.Leads.deleteLead(Leads.java:93)
at âœ½.I click the delete button(file:///C:/workspace/ZohoCucumberNew/src/test/resources/zoho/leads.feature:46)
... Removed 2 stack frames]]>
    </failure>
  </testcase> <!-- runScenario -->
</testsuite> <!-- Cucumber Runner -->
