<?xml version="1.0" encoding="UTF-8"?>
<!-- Generated by org.testng.reporters.JUnitReportReporter -->
<testsuite skipped="0" hostname="DESKTOP-TKK5GPG" name="zoho.runner.MyRunner" tests="2" failures="1" timestamp="2022-08-04T13:52:40 EDT" time="135.389" errors="0">
  <testcase name="runScenario" time="78.978" classname="zoho.runner.MyRunner"/>
  <system-out/>
  <testcase name="runScenario" time="56.411" classname="zoho.runner.MyRunner">
    <failure type="java.lang.AssertionError" message="The following asserts failed:
	Object not found delete_id">
      <![CDATA[java.lang.AssertionError: The following asserts failed:
Object not found delete_id
at org.testng.asserts.SoftAssert.assertAll(SoftAssert.java:47)
at org.testng.asserts.SoftAssert.assertAll(SoftAssert.java:31)
at zoho.managers.WebDriverManager.quit(WebDriverManager.java:287)
at zoho.managers.WebDriverManager.reportFailure(WebDriverManager.java:219)
at zoho.managers.WebDriverManager.findElement(WebDriverManager.java:148)
at zoho.managers.WebDriverManager.click(WebDriverManager.java:124)
at zoho.pages.LeadsDetailPage.deleteLead(LeadsDetailPage.java:38)
at zoho.teststeps.Leads.deleteLead(Leads.java:93)
at âœ½.I click the delete button(file:///C:/workspace/ZohoCucumberNew/src/test/resources/zoho/leads.feature:46)
]]>
    </failure>
  </testcase> <!-- runScenario -->
  <system-out/>
</testsuite> <!-- zoho.runner.MyRunner -->
